Using pre-set license
Built from '2020.3/staging' branch; Version is '2020.3.28f1 (f5400f52e03f) revision 16072719'; Using compiler version '192528614'; Build Type 'Release'
OS: 'Windows 10  (10.0.19044) 64bit Core' Language: 'ru' Physical Memory: 8067 MB
BatchMode: 1, IsHumanControllingUs: 0, StartBugReporterOnCrash: 0, Is64bit: 1, IsPro: 0

COMMAND LINE ARGUMENTS:
D:\2020.3.28f1\Editor\Unity.exe
-adb2
-batchMode
-noUpm
-name
AssetImportWorker0
-projectPath
D:/GameProject
-logFile
Logs/AssetImportWorker0.log
-srvPort
62708
Successfully changed project path to: D:/GameProject
D:/GameProject
Using Asset Import Pipeline V2.
Refreshing native plugins compatible for Editor in 74.88 ms, found 3 plugins.
Preloading 0 native plugins for Editor in 0.00 ms.
Initialize engine version: 2020.3.28f1 (f5400f52e03f)
[Subsystems] Discovering subsystems at path D:/2020.3.28f1/Editor/Data/Resources/UnitySubsystems
[Subsystems] Discovering subsystems at path D:/GameProject/Assets
GfxDevice: creating device client; threaded=0
Direct3D:
    Version:  Direct3D 11.0 [level 11.1]
    Renderer: Intel(R) HD Graphics 610 (ID=0x5906)
    Vendor:   
    VRAM:     4033 MB
    Driver:   25.20.100.6444
Initialize mono
Mono path[0] = 'D:/2020.3.28f1/Editor/Data/Managed'
Mono path[1] = 'D:/2020.3.28f1/Editor/Data/MonoBleedingEdge/lib/mono/unityjit'
Mono config path = 'D:/2020.3.28f1/Editor/Data/MonoBleedingEdge/etc'
Using monoOptions --debugger-agent=transport=dt_socket,embedding=1,server=y,suspend=n,address=127.0.0.1:56888
Begin MonoManager ReloadAssembly
Registering precompiled unity dll's ...
Register platform support module: D:/2020.3.28f1/Editor/Data/PlaybackEngines/WindowsStandaloneSupport/UnityEditor.WindowsStandalone.Extensions.dll
Registered in 0.001804 seconds.
Native extension for WindowsStandalone target not found
Refreshing native plugins compatible for Editor in 78.01 ms, found 3 plugins.
Preloading 0 native plugins for Editor in 0.00 ms.
Mono: successfully reloaded assembly
- Completed reload, in  0.999 seconds
Domain Reload Profiling:
	ReloadAssembly (999ms)
		BeginReloadAssembly (117ms)
			ExecutionOrderSort (0ms)
			DisableScriptedObjects (0ms)
			BackupInstance (0ms)
			ReleaseScriptingObjects (0ms)
			CreateAndSetChildDomain (1ms)
		EndReloadAssembly (772ms)
			LoadAssemblies (115ms)
			RebuildTransferFunctionScriptingTraits (0ms)
			SetupTypeCache (261ms)
			ReleaseScriptCaches (0ms)
			RebuildScriptCaches (53ms)
			SetupLoadedEditorAssemblies (292ms)
				LogAssemblyErrors (0ms)
				InitializePlatformSupportModulesInManaged (7ms)
				SetLoadedEditorAssemblies (0ms)
				RefreshPlugins (78ms)
				BeforeProcessingInitializeOnLoad (17ms)
				ProcessInitializeOnLoadAttributes (141ms)
				ProcessInitializeOnLoadMethodAttributes (49ms)
				AfterProcessingInitializeOnLoad (0ms)
				EditorAssembliesLoaded (0ms)
			ExecutionOrderSort2 (0ms)
			AwakeInstancesAfterBackupRestoration (0ms)
Platform modules already initialized, skipping
Registering precompiled user dll's ...
Registered in 0.005500 seconds.
Begin MonoManager ReloadAssembly
Native extension for WindowsStandalone target not found
Refreshing native plugins compatible for Editor in 69.92 ms, found 3 plugins.
Preloading 0 native plugins for Editor in 0.00 ms.
Mono: successfully reloaded assembly
- Completed reload, in  1.747 seconds
Domain Reload Profiling:
	ReloadAssembly (1749ms)
		BeginReloadAssembly (258ms)
			ExecutionOrderSort (0ms)
			DisableScriptedObjects (7ms)
			BackupInstance (0ms)
			ReleaseScriptingObjects (0ms)
			CreateAndSetChildDomain (28ms)
		EndReloadAssembly (1401ms)
			LoadAssemblies (175ms)
			RebuildTransferFunctionScriptingTraits (0ms)
			SetupTypeCache (483ms)
			ReleaseScriptCaches (1ms)
			RebuildScriptCaches (76ms)
			SetupLoadedEditorAssemblies (509ms)
				LogAssemblyErrors (0ms)
				InitializePlatformSupportModulesInManaged (5ms)
				SetLoadedEditorAssemblies (0ms)
				RefreshPlugins (70ms)
				BeforeProcessingInitializeOnLoad (95ms)
				ProcessInitializeOnLoadAttributes (307ms)
				ProcessInitializeOnLoadMethodAttributes (28ms)
				AfterProcessingInitializeOnLoad (4ms)
				EditorAssembliesLoaded (0ms)
			ExecutionOrderSort2 (0ms)
			AwakeInstancesAfterBackupRestoration (10ms)
Platform modules already initialized, skipping
========================================================================
Worker process is ready to serve import requests
Launched and connected shader compiler UnityShaderCompiler.exe after 0.07 seconds
Refreshing native plugins compatible for Editor in 0.61 ms, found 3 plugins.
Preloading 0 native plugins for Editor in 0.00 ms.
Unloading 2196 Unused Serialized files (Serialized files now loaded: 0)
System memory in use before: 95.9 MB.
System memory in use after: 95.8 MB.

Unloading 34 unused Assets to reduce memory usage. Loaded Objects now: 2623.
Total: 4.589900 ms (FindLiveObjects: 0.216100 ms CreateObjectMapping: 0.117500 ms MarkObjects: 4.037700 ms  DeleteObjects: 0.214500 ms)

AssetImportParameters requested are different than current active one (requested -> active):
  custom:framework-win-MediaFoundation: 216162199b28c13a410421893ffa2e32 -> 
  custom:video-decoder-ogg-theora: a1e56fd34408186e4bbccfd4996cb3dc -> 
  custom:container-muxer-webm: aa71ff27fc2769a1b78a27578f13a17b -> 
  custom:container-demuxer-webm: 4f35f7cbe854078d1ac9338744f61a02 -> 
  custom:container-demuxer-ogg: 62fdf1f143b41e24485cea50d1cbac27 -> 
  custom:video-encoder-webm-vp8: eb34c28f22e8b96e1ab97ce403110664 -> 
  custom:video-decoder-webm-vp8: 9c59270c3fd7afecdb556c50c9e8de78 -> 
  custom:audio-decoder-ogg-vorbis: bf7c407c2cedff20999df2af8eb42d56 -> 
  custom:audio-encoder-webm-vorbis: bf7c407c2cedff20999df2af8eb42d56 -> 
========================================================================
Received Import Request.
  path: Assets/New Folder
  artifactKey: Guid(460d3bd8da3731c4a935095d1d2e5dc5) Importer(815301076,1909f56bfc062723c751e8b465ee728b)
Start importing Assets/New Folder using Guid(460d3bd8da3731c4a935095d1d2e5dc5) Importer(815301076,1909f56bfc062723c751e8b465ee728b)  -> (artifact id: 'ff1fa9f8fa02f5f7cd28dcd6a69ecf52') in 0.011309 seconds 
  Import took 0.016473 seconds .

========================================================================
Received Import Request.
  Time since last request: 14.597352 seconds.
  path: Assets/World_1
  artifactKey: Guid(460d3bd8da3731c4a935095d1d2e5dc5) Importer(815301076,1909f56bfc062723c751e8b465ee728b)
Start importing Assets/World_1 using Guid(460d3bd8da3731c4a935095d1d2e5dc5) Importer(815301076,1909f56bfc062723c751e8b465ee728b)  -> (artifact id: '665a6bb13862ff462acc11421b20397f') in 0.013542 seconds 
  Import took 0.020119 seconds .

========================================================================
Received Import Request.
  Time since last request: 14.249251 seconds.
  path: Assets/World_1/Platforms
  artifactKey: Guid(0c2d31cd3abebbe4e90b4f09da6eba37) Importer(815301076,1909f56bfc062723c751e8b465ee728b)
Start importing Assets/World_1/Platforms using Guid(0c2d31cd3abebbe4e90b4f09da6eba37) Importer(815301076,1909f56bfc062723c751e8b465ee728b)  -> (artifact id: '1a1c521858a7bafb168cb35486a2e6a8') in 0.013334 seconds 
  Import took 0.020446 seconds .

========================================================================
Received Import Request.
  Time since last request: 45.903347 seconds.
  path: Assets/World_1/Platforms/Платформа_1_1(1).png
  artifactKey: Guid(bb143586390014c4a9c3ad215cb72e32) Importer(815301076,1909f56bfc062723c751e8b465ee728b)
Start importing Assets/World_1/Platforms/Платформа_1_1(1).png using Guid(bb143586390014c4a9c3ad215cb72e32) Importer(815301076,1909f56bfc062723c751e8b465ee728b)  -> (artifact id: 'ed1e89226ad664f85e3160a95cd9957c') in 0.206097 seconds 
  Import took 0.213875 seconds .

========================================================================
Received Import Request.
  Time since last request: 0.000344 seconds.
  path: Assets/World_1/Platforms/Платформа_1_1(3).png
  artifactKey: Guid(c5bd4e5db2bda294fa75022bd0c44d1f) Importer(815301076,1909f56bfc062723c751e8b465ee728b)
Start importing Assets/World_1/Platforms/Платформа_1_1(3).png using Guid(c5bd4e5db2bda294fa75022bd0c44d1f) Importer(815301076,1909f56bfc062723c751e8b465ee728b)  -> (artifact id: 'a90bfbdafa99af03b5b64a21a8059e21') in 0.028551 seconds 
  Import took 0.034869 seconds .

========================================================================
Received Import Request.
  Time since last request: 0.001057 seconds.
  path: Assets/World_1/Platforms/Платформа_1_3.png
  artifactKey: Guid(588005217f4353543afc94d6f9be8174) Importer(815301076,1909f56bfc062723c751e8b465ee728b)
Start importing Assets/World_1/Platforms/Платформа_1_3.png using Guid(588005217f4353543afc94d6f9be8174) Importer(815301076,1909f56bfc062723c751e8b465ee728b)  -> (artifact id: 'ed0e70c93530dcbf5d34708c09fa14a9') in 0.038523 seconds 
  Import took 0.045278 seconds .

========================================================================
Received Import Request.
  Time since last request: 0.000316 seconds.
  path: Assets/World_1/Platforms/Платформа_1_1(2).png
  artifactKey: Guid(0797fa05166d2384c8fdfcb21dd4cb5d) Importer(815301076,1909f56bfc062723c751e8b465ee728b)
Start importing Assets/World_1/Platforms/Платформа_1_1(2).png using Guid(0797fa05166d2384c8fdfcb21dd4cb5d) Importer(815301076,1909f56bfc062723c751e8b465ee728b)  -> (artifact id: '8508c4f87dac328143c11d6a5d05f9e4') in 0.023811 seconds 
  Import took 0.030877 seconds .

========================================================================
Received Import Request.
  Time since last request: 0.000436 seconds.
  path: Assets/World_1/Platforms/Платформа_1_2.png
  artifactKey: Guid(40b1a2b649d743a47af870b6f51b3c0d) Importer(815301076,1909f56bfc062723c751e8b465ee728b)
Start importing Assets/World_1/Platforms/Платформа_1_2.png using Guid(40b1a2b649d743a47af870b6f51b3c0d) Importer(815301076,1909f56bfc062723c751e8b465ee728b)  -> (artifact id: '8576c373b511828eed2744820e0c58c2') in 0.035032 seconds 
  Import took 0.042171 seconds .

========================================================================
Received Import Request.
  Time since last request: 396.948843 seconds.
  path: Assets/World_1/Platforms/Платформа_1_3.png
  artifactKey: Guid(588005217f4353543afc94d6f9be8174) Importer(815301076,1909f56bfc062723c751e8b465ee728b)
Start importing Assets/World_1/Platforms/Платформа_1_3.png using Guid(588005217f4353543afc94d6f9be8174) Importer(815301076,1909f56bfc062723c751e8b465ee728b)  -> (artifact id: 'babed768fb5498ccd060737063845b56') in 0.024280 seconds 
  Import took 0.032544 seconds .

========================================================================
Received Import Request.
  Time since last request: 0.004936 seconds.
  path: Assets/World_1/Platforms/Платформа_1_1(1).png
  artifactKey: Guid(bb143586390014c4a9c3ad215cb72e32) Importer(815301076,1909f56bfc062723c751e8b465ee728b)
Start importing Assets/World_1/Platforms/Платформа_1_1(1).png using Guid(bb143586390014c4a9c3ad215cb72e32) Importer(815301076,1909f56bfc062723c751e8b465ee728b)  -> (artifact id: 'e05d10ab75e06806be02bcbfc65ebf83') in 0.031722 seconds 
  Import took 0.040479 seconds .

========================================================================
Received Import Request.
  Time since last request: 0.000543 seconds.
  path: Assets/World_1/Platforms/Платформа_1_1(3).png
  artifactKey: Guid(c5bd4e5db2bda294fa75022bd0c44d1f) Importer(815301076,1909f56bfc062723c751e8b465ee728b)
Start importing Assets/World_1/Platforms/Платформа_1_1(3).png using Guid(c5bd4e5db2bda294fa75022bd0c44d1f) Importer(815301076,1909f56bfc062723c751e8b465ee728b)  -> (artifact id: 'fb6842fb83d483bd9df45b234ea44281') in 0.029310 seconds 
  Import took 0.037464 seconds .

========================================================================
Received Import Request.
  Time since last request: 0.000390 seconds.
  path: Assets/World_1/Platforms/Платформа_1_1(2).png
  artifactKey: Guid(0797fa05166d2384c8fdfcb21dd4cb5d) Importer(815301076,1909f56bfc062723c751e8b465ee728b)
Start importing Assets/World_1/Platforms/Платформа_1_1(2).png using Guid(0797fa05166d2384c8fdfcb21dd4cb5d) Importer(815301076,1909f56bfc062723c751e8b465ee728b)  -> (artifact id: 'a937bbdda911c705ab60ceb86fb64a43') in 0.026799 seconds 
  Import took 0.035727 seconds .

========================================================================
Received Import Request.
  Time since last request: 0.000447 seconds.
  path: Assets/World_1/Platforms/Платформа_1_2.png
  artifactKey: Guid(40b1a2b649d743a47af870b6f51b3c0d) Importer(815301076,1909f56bfc062723c751e8b465ee728b)
Start importing Assets/World_1/Platforms/Платформа_1_2.png using Guid(40b1a2b649d743a47af870b6f51b3c0d) Importer(815301076,1909f56bfc062723c751e8b465ee728b)  -> (artifact id: 'a8dd06f774e12fda3e440baebdba6588') in 0.033307 seconds 
  Import took 0.041939 seconds .

AssetImportWorkerClient::OnTransportError - code=2 error=End of file
