Using pre-set license
Built from '2020.3/staging' branch; Version is '2020.3.28f1 (f5400f52e03f) revision 16072719'; Using compiler version '192528614'; Build Type 'Release'
OS: 'Windows 10  (10.0.19044) 64bit Core' Language: 'ru' Physical Memory: 8067 MB
BatchMode: 1, IsHumanControllingUs: 0, StartBugReporterOnCrash: 0, Is64bit: 1, IsPro: 0

COMMAND LINE ARGUMENTS:
D:\2020.3.28f1\Editor\Unity.exe
-adb2
-batchMode
-noUpm
-name
AssetImportWorker0
-projectPath
D:/GameProject
-logFile
Logs/AssetImportWorker0.log
-srvPort
64310
Successfully changed project path to: D:/GameProject
D:/GameProject
Using Asset Import Pipeline V2.
Refreshing native plugins compatible for Editor in 77.50 ms, found 3 plugins.
Preloading 0 native plugins for Editor in 0.00 ms.
Initialize engine version: 2020.3.28f1 (f5400f52e03f)
[Subsystems] Discovering subsystems at path D:/2020.3.28f1/Editor/Data/Resources/UnitySubsystems
[Subsystems] Discovering subsystems at path D:/GameProject/Assets
GfxDevice: creating device client; threaded=0
Direct3D:
    Version:  Direct3D 11.0 [level 11.1]
    Renderer: Intel(R) HD Graphics 610 (ID=0x5906)
    Vendor:   
    VRAM:     4033 MB
    Driver:   25.20.100.6444
Initialize mono
Mono path[0] = 'D:/2020.3.28f1/Editor/Data/Managed'
Mono path[1] = 'D:/2020.3.28f1/Editor/Data/MonoBleedingEdge/lib/mono/unityjit'
Mono config path = 'D:/2020.3.28f1/Editor/Data/MonoBleedingEdge/etc'
Using monoOptions --debugger-agent=transport=dt_socket,embedding=1,server=y,suspend=n,address=127.0.0.1:56944
Begin MonoManager ReloadAssembly
Registering precompiled unity dll's ...
Register platform support module: D:/2020.3.28f1/Editor/Data/PlaybackEngines/WindowsStandaloneSupport/UnityEditor.WindowsStandalone.Extensions.dll
Registered in 0.001655 seconds.
Native extension for WindowsStandalone target not found
Refreshing native plugins compatible for Editor in 86.62 ms, found 3 plugins.
Preloading 0 native plugins for Editor in 0.00 ms.
Mono: successfully reloaded assembly
- Completed reload, in  1.094 seconds
Domain Reload Profiling:
	ReloadAssembly (1094ms)
		BeginReloadAssembly (101ms)
			ExecutionOrderSort (0ms)
			DisableScriptedObjects (0ms)
			BackupInstance (0ms)
			ReleaseScriptingObjects (0ms)
			CreateAndSetChildDomain (1ms)
		EndReloadAssembly (889ms)
			LoadAssemblies (100ms)
			RebuildTransferFunctionScriptingTraits (0ms)
			SetupTypeCache (309ms)
			ReleaseScriptCaches (0ms)
			RebuildScriptCaches (63ms)
			SetupLoadedEditorAssemblies (311ms)
				LogAssemblyErrors (0ms)
				InitializePlatformSupportModulesInManaged (9ms)
				SetLoadedEditorAssemblies (0ms)
				RefreshPlugins (87ms)
				BeforeProcessingInitializeOnLoad (17ms)
				ProcessInitializeOnLoadAttributes (150ms)
				ProcessInitializeOnLoadMethodAttributes (48ms)
				AfterProcessingInitializeOnLoad (0ms)
				EditorAssembliesLoaded (0ms)
			ExecutionOrderSort2 (0ms)
			AwakeInstancesAfterBackupRestoration (0ms)
Platform modules already initialized, skipping
Registering precompiled user dll's ...
Registered in 0.005143 seconds.
Begin MonoManager ReloadAssembly
Native extension for WindowsStandalone target not found
Refreshing native plugins compatible for Editor in 73.94 ms, found 3 plugins.
Preloading 0 native plugins for Editor in 0.00 ms.
Mono: successfully reloaded assembly
- Completed reload, in  1.990 seconds
Domain Reload Profiling:
	ReloadAssembly (1992ms)
		BeginReloadAssembly (286ms)
			ExecutionOrderSort (0ms)
			DisableScriptedObjects (8ms)
			BackupInstance (0ms)
			ReleaseScriptingObjects (0ms)
			CreateAndSetChildDomain (29ms)
		EndReloadAssembly (1610ms)
			LoadAssemblies (203ms)
			RebuildTransferFunctionScriptingTraits (0ms)
			SetupTypeCache (598ms)
			ReleaseScriptCaches (1ms)
			RebuildScriptCaches (84ms)
			SetupLoadedEditorAssemblies (541ms)
				LogAssemblyErrors (0ms)
				InitializePlatformSupportModulesInManaged (6ms)
				SetLoadedEditorAssemblies (0ms)
				RefreshPlugins (74ms)
				BeforeProcessingInitializeOnLoad (104ms)
				ProcessInitializeOnLoadAttributes (325ms)
				ProcessInitializeOnLoadMethodAttributes (28ms)
				AfterProcessingInitializeOnLoad (4ms)
				EditorAssembliesLoaded (0ms)
			ExecutionOrderSort2 (0ms)
			AwakeInstancesAfterBackupRestoration (10ms)
Platform modules already initialized, skipping
========================================================================
Worker process is ready to serve import requests
Launched and connected shader compiler UnityShaderCompiler.exe after 0.07 seconds
Refreshing native plugins compatible for Editor in 0.61 ms, found 3 plugins.
Preloading 0 native plugins for Editor in 0.00 ms.
Unloading 2196 Unused Serialized files (Serialized files now loaded: 0)
System memory in use before: 95.9 MB.
System memory in use after: 95.8 MB.

Unloading 34 unused Assets to reduce memory usage. Loaded Objects now: 2623.
Total: 7.043400 ms (FindLiveObjects: 0.263500 ms CreateObjectMapping: 0.272200 ms MarkObjects: 6.299800 ms  DeleteObjects: 0.205500 ms)

AssetImportParameters requested are different than current active one (requested -> active):
  custom:framework-win-MediaFoundation: 216162199b28c13a410421893ffa2e32 -> 
  custom:video-decoder-ogg-theora: a1e56fd34408186e4bbccfd4996cb3dc -> 
  custom:container-muxer-webm: aa71ff27fc2769a1b78a27578f13a17b -> 
  custom:container-demuxer-webm: 4f35f7cbe854078d1ac9338744f61a02 -> 
  custom:container-demuxer-ogg: 62fdf1f143b41e24485cea50d1cbac27 -> 
  custom:video-encoder-webm-vp8: eb34c28f22e8b96e1ab97ce403110664 -> 
  custom:video-decoder-webm-vp8: 9c59270c3fd7afecdb556c50c9e8de78 -> 
  custom:audio-decoder-ogg-vorbis: bf7c407c2cedff20999df2af8eb42d56 -> 
  custom:audio-encoder-webm-vorbis: bf7c407c2cedff20999df2af8eb42d56 -> 
========================================================================
Received Import Request.
  path: Assets/World_1/Platforms/Платформа_1_1(3).png
  artifactKey: Guid(c5bd4e5db2bda294fa75022bd0c44d1f) Importer(815301076,1909f56bfc062723c751e8b465ee728b)
Start importing Assets/World_1/Platforms/Платформа_1_1(3).png using Guid(c5bd4e5db2bda294fa75022bd0c44d1f) Importer(815301076,1909f56bfc062723c751e8b465ee728b)  -> (artifact id: '14abb957feead4ca3c0da34c981ece6a') in 0.182221 seconds 
  Import took 0.189257 seconds .

========================================================================
Received Import Request.
  Time since last request: 0.000429 seconds.
  path: Assets/World_1/Platforms/Платформа_1_3.png
  artifactKey: Guid(588005217f4353543afc94d6f9be8174) Importer(815301076,1909f56bfc062723c751e8b465ee728b)
Start importing Assets/World_1/Platforms/Платформа_1_3.png using Guid(588005217f4353543afc94d6f9be8174) Importer(815301076,1909f56bfc062723c751e8b465ee728b)  -> (artifact id: '452adb71633c714f1aa57af4fcfee082') in 0.036150 seconds 
  Import took 0.064568 seconds .

========================================================================
Received Import Request.
  Time since last request: 0.000431 seconds.
  path: Assets/World_1/Platforms/Платформа_1_1(2).png
  artifactKey: Guid(0797fa05166d2384c8fdfcb21dd4cb5d) Importer(815301076,1909f56bfc062723c751e8b465ee728b)
Start importing Assets/World_1/Platforms/Платформа_1_1(2).png using Guid(0797fa05166d2384c8fdfcb21dd4cb5d) Importer(815301076,1909f56bfc062723c751e8b465ee728b)  -> (artifact id: 'c5c3292561a4abe5c7422ce7cf1d3ae0') in 0.032185 seconds 
  Import took 0.043907 seconds .

========================================================================
Received Import Request.
  Time since last request: 0.000473 seconds.
  path: Assets/World_1/Platforms/Платформа_1_1(1).png
  artifactKey: Guid(bb143586390014c4a9c3ad215cb72e32) Importer(815301076,1909f56bfc062723c751e8b465ee728b)
Start importing Assets/World_1/Platforms/Платформа_1_1(1).png using Guid(bb143586390014c4a9c3ad215cb72e32) Importer(815301076,1909f56bfc062723c751e8b465ee728b)  -> (artifact id: '24d2fbc0171a69a518adff88239f9d6c') in 0.035767 seconds 
  Import took 0.042815 seconds .

========================================================================
Received Import Request.
  Time since last request: 0.000403 seconds.
  path: Assets/World_1/Platforms/Платформа_1_2.png
  artifactKey: Guid(40b1a2b649d743a47af870b6f51b3c0d) Importer(815301076,1909f56bfc062723c751e8b465ee728b)
Start importing Assets/World_1/Platforms/Платформа_1_2.png using Guid(40b1a2b649d743a47af870b6f51b3c0d) Importer(815301076,1909f56bfc062723c751e8b465ee728b)  -> (artifact id: '987e8df3a4bc7a8354b9f26ef295b562') in 0.039921 seconds 
  Import took 0.047232 seconds .

========================================================================
Received Import Request.
  Time since last request: 14.221314 seconds.
  path: Assets/World_1/Platforms/Платформа_1_1(1).png
  artifactKey: Guid(bb143586390014c4a9c3ad215cb72e32) Importer(815301076,1909f56bfc062723c751e8b465ee728b)
Start importing Assets/World_1/Platforms/Платформа_1_1(1).png using Guid(bb143586390014c4a9c3ad215cb72e32) Importer(815301076,1909f56bfc062723c751e8b465ee728b)  -> (artifact id: '9cbd16f372d3909ab8d3b83d582b9b10') in 0.021154 seconds 
  Import took 0.031220 seconds .

========================================================================
Received Import Request.
  Time since last request: 0.000441 seconds.
  path: Assets/World_1/Platforms/Платформа_1_1(3).png
  artifactKey: Guid(c5bd4e5db2bda294fa75022bd0c44d1f) Importer(815301076,1909f56bfc062723c751e8b465ee728b)
Start importing Assets/World_1/Platforms/Платформа_1_1(3).png using Guid(c5bd4e5db2bda294fa75022bd0c44d1f) Importer(815301076,1909f56bfc062723c751e8b465ee728b)  -> (artifact id: '5e7489b3cc50cb1d6d6bdc3030f3b19f') in 0.024813 seconds 
  Import took 0.033284 seconds .

========================================================================
Received Import Request.
  Time since last request: 0.000476 seconds.
  path: Assets/World_1/Platforms/Платформа_1_3.png
  artifactKey: Guid(588005217f4353543afc94d6f9be8174) Importer(815301076,1909f56bfc062723c751e8b465ee728b)
Start importing Assets/World_1/Platforms/Платформа_1_3.png using Guid(588005217f4353543afc94d6f9be8174) Importer(815301076,1909f56bfc062723c751e8b465ee728b)  -> (artifact id: '1ab51adca39e14a1c90cdbf5b148cc08') in 0.027719 seconds 
  Import took 0.036266 seconds .

========================================================================
Received Import Request.
  Time since last request: 0.000452 seconds.
  path: Assets/World_1/Platforms/Платформа_1_1(2).png
  artifactKey: Guid(0797fa05166d2384c8fdfcb21dd4cb5d) Importer(815301076,1909f56bfc062723c751e8b465ee728b)
Start importing Assets/World_1/Platforms/Платформа_1_1(2).png using Guid(0797fa05166d2384c8fdfcb21dd4cb5d) Importer(815301076,1909f56bfc062723c751e8b465ee728b)  -> (artifact id: '01ce29c4f9e512c977f819f2b5a3ce39') in 0.045335 seconds 
  Import took 0.053294 seconds .

========================================================================
Received Import Request.
  Time since last request: 0.000346 seconds.
  path: Assets/World_1/Platforms/Платформа_1_2.png
  artifactKey: Guid(40b1a2b649d743a47af870b6f51b3c0d) Importer(815301076,1909f56bfc062723c751e8b465ee728b)
Start importing Assets/World_1/Platforms/Платформа_1_2.png using Guid(40b1a2b649d743a47af870b6f51b3c0d) Importer(815301076,1909f56bfc062723c751e8b465ee728b)  -> (artifact id: '2cc44dbfb9417725a55acb0759b8d527') in 0.032950 seconds 
  Import took 0.040283 seconds .

========================================================================
Received Import Request.
  Time since last request: 14.499158 seconds.
  path: Assets/Sprites/Skins
  artifactKey: Guid(8a324cc9b1aa54549bff795a555f4b6a) Importer(815301076,1909f56bfc062723c751e8b465ee728b)
Start importing Assets/Sprites/Skins using Guid(8a324cc9b1aa54549bff795a555f4b6a) Importer(815301076,1909f56bfc062723c751e8b465ee728b)  -> (artifact id: '07965f732eda613d843b042638e4ddc4') in 0.018318 seconds 
  Import took 0.026962 seconds .

AssetImportWorkerClient::OnTransportError - code=2 error=End of file
